#NO FLAGS
Elapsed computation time: 114.21693 seconds

$ valgrind --tool=callgrind --dump-instr=yes --simulate-cache=yes --collect-jumps=yes ./cnn_callgrind > callgrind_analysis.txt
==33968== Callgrind, a call-graph generating cache profiler
==33968== Copyright (C) 2002-2017, and GNU GPL'd, by Josef Weidendorfer et al.
==33968== Using Valgrind-3.18.1 and LibVEX; rerun with -h for copyright info
==33968== Command: ./cnn_callgrind
==33968== 
--33968-- warning: L3 cache found, using its data for the LL simulation.
==33968== For interactive control, run 'callgrind_control -h'.
==33968== 
==33968== Events    : Ir Dr Dw I1mr D1mr D1mw ILmr DLmr DLmw
==33968== Collected : 10669057541 3917959966 771792614 1651 193863064 859998 1635 16650 1852
==33968== 
==33968== I   refs:      10,669,057,541
==33968== I1  misses:             1,651
==33968== LLi misses:             1,635
==33968== I1  miss rate:           0.00%
==33968== LLi miss rate:           0.00%
==33968== 
==33968== D   refs:       4,689,752,580  (3,917,959,966 rd + 771,792,614 wr)
==33968== D1  misses:       194,723,062  (  193,863,064 rd +     859,998 wr)
==33968== LLd misses:            18,502  (       16,650 rd +       1,852 wr)
==33968== D1  miss rate:            4.2% (          4.9%   +         0.1%  )
==33968== LLd miss rate:            0.0% (          0.0%   +         0.0%  )
==33968== 
==33968== LL refs:          194,724,713  (  193,864,715 rd +     859,998 wr)
==33968== LL misses:             20,137  (       18,285 rd +       1,852 wr)
==33968== LL miss rate:             0.0% (          0.0%   +         0.0%  )

