#FLAG O3
Elapsed computation time: 35.39370 seconds

$ valgrind --tool=callgrind --dump-instr=yes --simulate-cache=yes --collect-jumps=yes ./cnn_callgrind > callgrind_analysis_2.txt
==36201== Callgrind, a call-graph generating cache profiler
==36201== Copyright (C) 2002-2017, and GNU GPL'd, by Josef Weidendorfer et al.
==36201== Using Valgrind-3.18.1 and LibVEX; rerun with -h for copyright info
==36201== Command: ./cnn_callgrind
==36201== 
--36201-- warning: L3 cache found, using its data for the LL simulation.
==36201== For interactive control, run 'callgrind_control -h'.
==36201== 
==36201== Events    : Ir Dr Dw I1mr D1mr D1mw ILmr DLmr DLmw
==36201== Collected : 2457739914 712755461 16013197 1825 193136064 1019377 1814 16648 1847
==36201== 
==36201== I   refs:      2,457,739,914
==36201== I1  misses:            1,825
==36201== LLi misses:            1,814
==36201== I1  miss rate:          0.00%
==36201== LLi miss rate:          0.00%
==36201== 
==36201== D   refs:        728,768,658  (712,755,461 rd + 16,013,197 wr)
==36201== D1  misses:      194,155,441  (193,136,064 rd +  1,019,377 wr)
==36201== LLd misses:           18,495  (     16,648 rd +      1,847 wr)
==36201== D1  miss rate:          26.6% (       27.1%   +        6.4%  )
==36201== LLd miss rate:           0.0% (        0.0%   +        0.0%  )
==36201== 
==36201== LL refs:         194,157,266  (193,137,889 rd +  1,019,377 wr)
==36201== LL misses:            20,309  (     18,462 rd +      1,847 wr)
==36201== LL miss rate:            0.0% (        0.0%   +        0.0%  )

